#
# There is insufficient memory for the Java Runtime Environment to continue.
# Native memory allocation (mmap) failed to map 335544320 bytes for G1 virtual space
# Possible reasons:
#   The system is out of physical RAM or swap space
#   The process is running with CompressedOops enabled, and the Java Heap may be blocking the growth of the native heap
# Possible solutions:
#   Reduce memory load on the system
#   Increase physical memory or swap space
#   Check if swap backing store is full
#   Decrease Java heap size (-Xmx/-Xms)
#   Decrease number of Java threads
#   Decrease Java thread stack sizes (-Xss)
#   Set larger code cache with -XX:ReservedCodeCacheSize=
#   JVM is running with Zero Based Compressed Oops mode in which the Java heap is
#     placed in the first 32GB address space. The Java Heap base address is the
#     maximum limit for the native heap growth. Please use -XX:HeapBaseMinAddress
#     to set the Java Heap base and to place the Java Heap above 32GB virtual address.
# This output file may be truncated or incomplete.
#
#  Out of Memory Error (os_windows.cpp:3541), pid=3004, tid=16804
#
# JRE version:  (17.0.4.1+1) (build )
# Java VM: OpenJDK 64-Bit Server VM (17.0.4.1+1, mixed mode, sharing, tiered, compressed oops, compressed class ptrs, g1 gc, windows-amd64)
# No core dump will be written. Minidumps are not enabled by default on client versions of Windows
#

---------------  S U M M A R Y ------------

Command Line: -javaagent:C:\Program Files\JetBrains\IntelliJ IDEA 2022.3\lib\idea_rt.jar=52777:C:\Program Files\JetBrains\IntelliJ IDEA 2022.3\bin -agentpath:C:\Users\santiago.acevedo\AppData\Local\Temp\libasyncProfiler.dll=start,jfr,event=cpu,interval=10ms,jfrsync=profile,cstack=no,file=C:\Users\santiago.acevedo\ArrayLinkedLists_2023_01_01_232847.jfr -Dfile.encoding=UTF-8 DataStructures.ArrayLinkedLists

Host: Intel(R) Core(TM) i7-7500U CPU @ 2.70GHz, 4 cores, 19G,  Windows 10 , 64 bit Build 19041 (10.0.19041.2364)
Time: Sun Jan  1 23:28:47 2023 Hora est. Pacífico, Sudamérica elapsed time: 0.040410 seconds (0d 0h 0m 0s)

---------------  T H R E A D  ---------------

Current thread (0x0000025a808fe930):  JavaThread "Unknown thread" [_thread_in_vm, id=16804, stack(0x0000008ac7b00000,0x0000008ac7c00000)]

Stack: [0x0000008ac7b00000,0x0000008ac7c00000]
Native frames: (J=compiled Java code, j=interpreted, Vv=VM code, C=native code)
V  [jvm.dll+0x67731a]
V  [jvm.dll+0x832284]
V  [jvm.dll+0x833a2e]
V  [jvm.dll+0x834093]
V  [jvm.dll+0x245775]
V  [jvm.dll+0x674209]
V  [jvm.dll+0x668a92]
V  [jvm.dll+0x30471b]
V  [jvm.dll+0x30bc66]
V  [jvm.dll+0x35ba9e]
V  [jvm.dll+0x35bccf]
V  [jvm.dll+0x2db5b8]
V  [jvm.dll+0x2dc524]
V  [jvm.dll+0x803db1]
V  [jvm.dll+0x3698f1]
V  [jvm.dll+0x7e31bc]
V  [jvm.dll+0x3ec25f]
V  [jvm.dll+0x3edde1]
C  [jli.dll+0x5277]
C  [ucrtbase.dll+0x21bb2]
C  [KERNEL32.DLL+0x17614]
C  [ntdll.dll+0x526a1]


---------------  P R O C E S S  ---------------

Threads class SMR info:
_java_thread_list=0x00007fffd3204e98, length=0, elements={
}

Java Threads: ( => current thread )

Other Threads:
  0x0000025a802cfcc0 GCTaskThread "GC Thread#0" [stack: 0x0000008ac7c00000,0x0000008ac7d00000] [id=16084]
  0x0000025a802dad60 ConcurrentGCThread "G1 Main Marker" [stack: 0x0000008ac7d00000,0x0000008ac7e00000] [id=7184]
  0x0000025a802dc540 ConcurrentGCThread "G1 Conc#0" [stack: 0x0000008ac7e00000,0x0000008ac7f00000] [id=9488]

[error occurred during error reporting (printing all threads), id 0xc0000005, EXCEPTION_ACCESS_VIOLATION (0xc0000005) at pc=0x00007fffd29dc047]

VM state: not at safepoint (not fully initialized)

VM Mutex/Monitor currently owned by a thread:  ([mutex/lock_event])
[0x0000025a80259d60] Heap_lock - owner thread: 0x0000025a808fe930

Heap address: 0x00000006c1800000, size: 5096 MB, Compressed Oops mode: Zero based, Oop shift amount: 3

CDS archive(s) mapped at: [0x0000000000000000-0x0000000000000000-0x0000000000000000), size 0, SharedBaseAddress: 0x0000000800000000, ArchiveRelocationMode: 0.
Narrow klass base: 0x0000000000000000, Narrow klass shift: 0, Narrow klass range: 0x0

GC Precious Log:
<Empty>

Heap:
 garbage-first heap   total 0K, used 0K [0x00000006c1800000, 0x0000000800000000)
  region size 4096K, 0 young (0K), 0 survivors (0K)

[error occurred during error reporting (printing heap information), id 0xc0000005, EXCEPTION_ACCESS_VIOLATION (0xc0000005) at pc=0x00007fffd2dc0699]

GC Heap History (0 events):
No events

Deoptimization events (0 events):
No events

Classes unloaded (0 events):
No events

Classes redefined (0 events):
No events

Internal exceptions (0 events):
No events

VM Operations (0 events):
No events

Events (1 events):
Event: 0.034 Loaded shared library C:\Program Files\Eclipse Adoptium\jdk-17.0.4.101-hotspot\bin\java.dll


Dynamic libraries:
0x00007ff732ce0000 - 0x00007ff732cee000 	C:\Program Files\Eclipse Adoptium\jdk-17.0.4.101-hotspot\bin\java.exe
0x00007ff8403b0000 - 0x00007ff8405a8000 	C:\WINDOWS\SYSTEM32\ntdll.dll
0x00007ff8402a0000 - 0x00007ff84035f000 	C:\WINDOWS\System32\KERNEL32.DLL
0x00007ff83dc20000 - 0x00007ff83def2000 	C:\WINDOWS\System32\KERNELBASE.dll
0x00007ff83df70000 - 0x00007ff83e070000 	C:\WINDOWS\System32\ucrtbase.dll
0x00007ff825480000 - 0x00007ff825499000 	C:\Program Files\Eclipse Adoptium\jdk-17.0.4.101-hotspot\bin\VCRUNTIME140.dll
0x00007ff8254a0000 - 0x00007ff8254b8000 	C:\Program Files\Eclipse Adoptium\jdk-17.0.4.101-hotspot\bin\jli.dll
0x00007ff83e3f0000 - 0x00007ff83e591000 	C:\WINDOWS\System32\USER32.dll
0x00007ff83e1d0000 - 0x00007ff83e1f2000 	C:\WINDOWS\System32\win32u.dll
0x00007ff83ffc0000 - 0x00007ff83ffeb000 	C:\WINDOWS\System32\GDI32.dll
0x00007ff83e250000 - 0x00007ff83e35f000 	C:\WINDOWS\System32\gdi32full.dll
0x00007ff83dad0000 - 0x00007ff83db6d000 	C:\WINDOWS\System32\msvcp_win.dll
0x00007ff827bb0000 - 0x00007ff827e4a000 	C:\WINDOWS\WinSxS\amd64_microsoft.windows.common-controls_6595b64144ccf1df_6.0.19041.1110_none_60b5254171f9507e\COMCTL32.dll
0x00007ff840070000 - 0x00007ff84010e000 	C:\WINDOWS\System32\msvcrt.dll
0x00007ff8401c0000 - 0x00007ff8401f2000 	C:\WINDOWS\System32\IMM32.DLL
0x00007ff82edc0000 - 0x00007ff82edcc000 	C:\Program Files\Eclipse Adoptium\jdk-17.0.4.101-hotspot\bin\vcruntime140_1.dll
0x00007ff819fb0000 - 0x00007ff81a041000 	C:\Program Files\Eclipse Adoptium\jdk-17.0.4.101-hotspot\bin\msvcp140.dll
0x00007fffd26f0000 - 0x00007fffd3336000 	C:\Program Files\Eclipse Adoptium\jdk-17.0.4.101-hotspot\bin\server\jvm.dll
0x00007ff83f110000 - 0x00007ff83f1be000 	C:\WINDOWS\System32\ADVAPI32.dll
0x00007ff840200000 - 0x00007ff84029c000 	C:\WINDOWS\System32\sechost.dll
0x00007ff83f810000 - 0x00007ff83f935000 	C:\WINDOWS\System32\RPCRT4.dll
0x00007ff840360000 - 0x00007ff840368000 	C:\WINDOWS\System32\PSAPI.DLL
0x00007ff823810000 - 0x00007ff823819000 	C:\WINDOWS\SYSTEM32\WSOCK32.dll
0x00007ff829640000 - 0x00007ff829667000 	C:\WINDOWS\SYSTEM32\WINMM.dll
0x00007ff83fd90000 - 0x00007ff83fdfb000 	C:\WINDOWS\System32\WS2_32.dll
0x00007ff835420000 - 0x00007ff83542a000 	C:\WINDOWS\SYSTEM32\VERSION.dll
0x00007ff83c330000 - 0x00007ff83c342000 	C:\WINDOWS\SYSTEM32\kernel.appcore.dll
0x00007ff826b90000 - 0x00007ff826b9a000 	C:\Program Files\Eclipse Adoptium\jdk-17.0.4.101-hotspot\bin\jimage.dll
0x00007ff829390000 - 0x00007ff829574000 	C:\WINDOWS\SYSTEM32\DBGHELP.DLL
0x00007ff823790000 - 0x00007ff8237c5000 	C:\WINDOWS\SYSTEM32\dbgcore.DLL
0x00007ff83e360000 - 0x00007ff83e3e2000 	C:\WINDOWS\System32\bcryptPrimitives.dll
0x00007ff826770000 - 0x00007ff82677e000 	C:\Program Files\Eclipse Adoptium\jdk-17.0.4.101-hotspot\bin\instrument.dll
0x00007ff8218a0000 - 0x00007ff8218c5000 	C:\Program Files\Eclipse Adoptium\jdk-17.0.4.101-hotspot\bin\java.dll
0x00007ff811e90000 - 0x00007ff8120d2000 	C:\Users\santiago.acevedo\AppData\Local\Temp\libasyncProfiler.dll

dbghelp: loaded successfully - version: 4.0.5 - missing functions: none
symbol engine: initialized successfully - sym options: 0x614 - pdb path: .;C:\Program Files\Eclipse Adoptium\jdk-17.0.4.101-hotspot\bin;C:\WINDOWS\SYSTEM32;C:\WINDOWS\WinSxS\amd64_microsoft.windows.common-controls_6595b64144ccf1df_6.0.19041.1110_none_60b5254171f9507e;C:\Program Files\Eclipse Adoptium\jdk-17.0.4.101-hotspot\bin\server;C:\Users\santiago.acevedo\AppData\Local\Temp

VM Arguments:
jvm_args: -javaagent:C:\Program Files\JetBrains\IntelliJ IDEA 2022.3\lib\idea_rt.jar=52777:C:\Program Files\JetBrains\IntelliJ IDEA 2022.3\bin -agentpath:C:\Users\santiago.acevedo\AppData\Local\Temp\libasyncProfiler.dll=start,jfr,event=cpu,interval=10ms,jfrsync=profile,cstack=no,file=C:\Users\santiago.acevedo\ArrayLinkedLists_2023_01_01_232847.jfr -Dfile.encoding=UTF-8 
java_command: DataStructures.ArrayLinkedLists
java_class_path (initial): C:\Users\santiago.acevedo\IdeaProjects\Java Basic Open Bootcamp\Excercices\Excercice7-9\out\production\Excercice7-9
Launcher Type: SUN_STANDARD

[Global flags]
     intx CICompilerCount                          = 3                                         {product} {ergonomic}
     uint ConcGCThreads                            = 1                                         {product} {ergonomic}
     uint G1ConcRefinementThreads                  = 4                                         {product} {ergonomic}
   size_t G1HeapRegionSize                         = 4194304                                   {product} {ergonomic}
    uintx GCDrainStackTargetSize                   = 64                                        {product} {ergonomic}
   size_t InitialHeapSize                          = 335544320                                 {product} {ergonomic}
   size_t MarkStackSize                            = 4194304                                   {product} {ergonomic}
   size_t MaxHeapSize                              = 5343543296                                {product} {ergonomic}
   size_t MinHeapDeltaBytes                        = 4194304                                   {product} {ergonomic}
   size_t MinHeapSize                              = 8388608                                   {product} {ergonomic}
    uintx NonNMethodCodeHeapSize                   = 5832780                                {pd product} {ergonomic}
    uintx NonProfiledCodeHeapSize                  = 122912730                              {pd product} {ergonomic}
    uintx ProfiledCodeHeapSize                     = 122912730                              {pd product} {ergonomic}
    uintx ReservedCodeCacheSize                    = 251658240                              {pd product} {ergonomic}
     bool SegmentedCodeCache                       = true                                      {product} {ergonomic}
   size_t SoftMaxHeapSize                          = 5343543296                             {manageable} {ergonomic}
     bool UseCompressedClassPointers               = true                           {product lp64_product} {ergonomic}
     bool UseCompressedOops                        = true                           {product lp64_product} {ergonomic}
     bool UseG1GC                                  = true                                      {product} {ergonomic}
     bool UseLargePagesIndividualAllocation        = false                                  {pd product} {ergonomic}

Logging:
Log output configuration:
 #0: stdout all=warning uptime,level,tags
 #1: stderr all=off uptime,level,tags

Environment Variables:
JAVA_HOME=C:\Program Files (x86)\Java\jdk1.8.0_321
PATH=C:\Program Files\Eclipse Adoptium\jdk-17.0.4.101-hotspot\bin;C:\Program Files\Common Files\Oracle\Java\javapath;C:\Python310\Scripts\;C:\Python310\;C:\Program Files (x86)\Common Files\Oracle\Java\javapath;C:\WINDOWS\system32;C:\WINDOWS;C:\WINDOWS\System32\Wbem;C:\WINDOWS\System32\WindowsPowerShell\v1.0\;C:\WINDOWS\System32\OpenSSH\;C:\Program Files\Git\cmd;C:\Program Files\nodejs\;C:\ProgramData\chocolatey\bin;D:\apache-maven-3.6.3-bin\apache-maven-3.6.3\bin;C:\Program Files (x86)\Java\jdk1.8.0_321\bin;C:\Program Files\dotnet\;C:\Users\santiago.acevedo\AppData\Local\Microsoft\WindowsApps;C:\Users\santiago.acevedo\AppData\Local\Programs\Microsoft VS Code\bin;C:\Users\santiago.acevedo\AppData\Roaming\npm;;C:\Program Files\JetBrains\IntelliJ IDEA 2022.3\bin;
USERNAME=santiago.acevedo
OS=Windows_NT
PROCESSOR_IDENTIFIER=Intel64 Family 6 Model 142 Stepping 9, GenuineIntel
TMP=C:\Users\SANTIA~1.ACE\AppData\Local\Temp
TEMP=C:\Users\SANTIA~1.ACE\AppData\Local\Temp



---------------  S Y S T E M  ---------------

OS:
 Windows 10 , 64 bit Build 19041 (10.0.19041.2364)
OS uptime: 5 days 1:15 hours

CPU: total 4 (initial active 4) (2 cores per cpu, 2 threads per core) family 6 model 142 stepping 9 microcode 0xd6, cx8, cmov, fxsr, ht, mmx, 3dnowpref, sse, sse2, sse3, ssse3, sse4.1, sse4.2, popcnt, lzcnt, tsc, tscinvbit, avx, avx2, aes, erms, clmul, bmi1, bmi2, adx, fma, vzeroupper, clflush, clflushopt

Memory: 4k page, system-wide physical 20382M (9338M free)
TotalPageFile size 38135M (AvailPageFile size 121M)
current process WorkingSet (physical memory assigned to process): 11M, peak: 11M
current process commit charge ("private bytes"): 63M, peak: 383M

vm_info: OpenJDK 64-Bit Server VM (17.0.4.1+1) for windows-amd64 JRE (17.0.4.1+1), built on Aug 17 2022 07:42:43 by "temurin" with MS VC++ 16.7 (VS2019)

END.
